<?xml version="1.0" encoding="UTF-8"?>
<!-- Generated by org.testng.reporters.JUnitXMLReporter -->
<testsuite ignored="0" hostname="LAPTOP-CO6TR81B" failures="0" tests="9" name="Default test" time="121.37" errors="0" timestamp="2024-01-19T22:54:57 IST">
  <testcase classname="newone.data_with_P30.TS01_TS02" name="TC_001" time="2.169"/>
  <testcase classname="newone.data_with_P30.TS01_TS02" name="TC_002" time="4.463"/>
  <testcase classname="newone.data_with_P30.TS01_TS02" name="TC_003" time="6.492"/>
  <testcase classname="newone.data_with_P30.TS01_TS02" name="TC_004" time="6.371"/>
  <testcase classname="newone.data_with_P30.TS01_TS02" name="TC_005" time="11.539"/>
  <testcase classname="newone.data_with_P30.TS01_TS02" name="TC_006" time="16.646"/>
  <testcase classname="newone.data_with_P30.TS01_TS02" name="test" time="7.391"/>
  <testcase classname="newone.data_with_P30.TS01_TS02" name="test" time="12.512"/>
  <testcase classname="newone.data_with_P30.TS01_TS02" name="test" time="7.48"/>
</testsuite> <!-- Default test -->
