<?xml version="1.0" encoding="UTF-8"?>
<testng-results ignored="0" total="9" passed="9" failed="0" skipped="0">
  <reporter-output>
  </reporter-output>
  <suite started-at="2024-01-19T22:52:56 IST" name="Default suite" finished-at="2024-01-19T22:54:57 IST" duration-ms="121370">
    <groups>
    </groups>
    <test started-at="2024-01-19T22:52:56 IST" name="Default test" finished-at="2024-01-19T22:54:57 IST" duration-ms="121370">
      <class name="newone.data_with_P30.TS01_TS02">
        <test-method is-config="true" signature="LunchAPP()[pri:0, instance:newone.data_with_P30.TS01_TS02@2e385cce]" started-at="2024-01-19T22:52:56 IST" name="LunchAPP" finished-at="2024-01-19T22:53:05 IST" duration-ms="8500" status="PASS">
          <reporter-output>
          </reporter-output>
        </test-method> <!-- LunchAPP -->
        <test-method signature="TC_001()[pri:0, instance:newone.data_with_P30.TS01_TS02@2e385cce]" started-at="2024-01-19T22:53:05 IST" name="TC_001" finished-at="2024-01-19T22:53:07 IST" duration-ms="2169" status="PASS">
          <reporter-output>
          </reporter-output>
        </test-method> <!-- TC_001 -->
        <test-method is-config="true" signature="AppClose()[pri:0, instance:newone.data_with_P30.TS01_TS02@2e385cce]" started-at="2024-01-19T22:53:07 IST" name="AppClose" finished-at="2024-01-19T22:53:07 IST" duration-ms="485" status="PASS">
          <reporter-output>
          </reporter-output>
        </test-method> <!-- AppClose -->
        <test-method is-config="true" signature="LunchAPP()[pri:0, instance:newone.data_with_P30.TS01_TS02@2e385cce]" started-at="2024-01-19T22:53:07 IST" name="LunchAPP" finished-at="2024-01-19T22:53:12 IST" duration-ms="4805" status="PASS">
          <reporter-output>
          </reporter-output>
        </test-method> <!-- LunchAPP -->
        <test-method signature="TC_002()[pri:0, instance:newone.data_with_P30.TS01_TS02@2e385cce]" started-at="2024-01-19T22:53:12 IST" name="TC_002" finished-at="2024-01-19T22:53:16 IST" duration-ms="4463" status="PASS">
          <reporter-output>
          </reporter-output>
        </test-method> <!-- TC_002 -->
        <test-method is-config="true" signature="AppClose()[pri:0, instance:newone.data_with_P30.TS01_TS02@2e385cce]" started-at="2024-01-19T22:53:16 IST" name="AppClose" finished-at="2024-01-19T22:53:17 IST" duration-ms="268" status="PASS">
          <reporter-output>
          </reporter-output>
        </test-method> <!-- AppClose -->
        <test-method is-config="true" signature="LunchAPP()[pri:0, instance:newone.data_with_P30.TS01_TS02@2e385cce]" started-at="2024-01-19T22:53:17 IST" name="LunchAPP" finished-at="2024-01-19T22:53:21 IST" duration-ms="4078" status="PASS">
          <reporter-output>
          </reporter-output>
        </test-method> <!-- LunchAPP -->
        <test-method signature="TC_003()[pri:0, instance:newone.data_with_P30.TS01_TS02@2e385cce]" started-at="2024-01-19T22:53:21 IST" name="TC_003" finished-at="2024-01-19T22:53:27 IST" duration-ms="6492" status="PASS">
          <reporter-output>
          </reporter-output>
        </test-method> <!-- TC_003 -->
        <test-method is-config="true" signature="AppClose()[pri:0, instance:newone.data_with_P30.TS01_TS02@2e385cce]" started-at="2024-01-19T22:53:27 IST" name="AppClose" finished-at="2024-01-19T22:53:28 IST" duration-ms="365" status="PASS">
          <reporter-output>
          </reporter-output>
        </test-method> <!-- AppClose -->
        <test-method is-config="true" signature="LunchAPP()[pri:0, instance:newone.data_with_P30.TS01_TS02@2e385cce]" started-at="2024-01-19T22:53:28 IST" name="LunchAPP" finished-at="2024-01-19T22:53:32 IST" duration-ms="4235" status="PASS">
          <reporter-output>
          </reporter-output>
        </test-method> <!-- LunchAPP -->
        <test-method signature="TC_004()[pri:0, instance:newone.data_with_P30.TS01_TS02@2e385cce]" started-at="2024-01-19T22:53:32 IST" name="TC_004" finished-at="2024-01-19T22:53:38 IST" duration-ms="6371" status="PASS">
          <reporter-output>
          </reporter-output>
        </test-method> <!-- TC_004 -->
        <test-method is-config="true" signature="AppClose()[pri:0, instance:newone.data_with_P30.TS01_TS02@2e385cce]" started-at="2024-01-19T22:53:38 IST" name="AppClose" finished-at="2024-01-19T22:53:39 IST" duration-ms="290" status="PASS">
          <reporter-output>
          </reporter-output>
        </test-method> <!-- AppClose -->
        <test-method is-config="true" signature="LunchAPP()[pri:0, instance:newone.data_with_P30.TS01_TS02@2e385cce]" started-at="2024-01-19T22:53:39 IST" name="LunchAPP" finished-at="2024-01-19T22:53:43 IST" duration-ms="4135" status="PASS">
          <reporter-output>
          </reporter-output>
        </test-method> <!-- LunchAPP -->
        <test-method signature="TC_005()[pri:0, instance:newone.data_with_P30.TS01_TS02@2e385cce]" started-at="2024-01-19T22:53:43 IST" name="TC_005" finished-at="2024-01-19T22:53:54 IST" duration-ms="11539" status="PASS">
          <reporter-output>
          </reporter-output>
        </test-method> <!-- TC_005 -->
        <test-method is-config="true" signature="AppClose()[pri:0, instance:newone.data_with_P30.TS01_TS02@2e385cce]" started-at="2024-01-19T22:53:54 IST" name="AppClose" finished-at="2024-01-19T22:53:55 IST" duration-ms="399" status="PASS">
          <reporter-output>
          </reporter-output>
        </test-method> <!-- AppClose -->
        <test-method is-config="true" signature="LunchAPP()[pri:0, instance:newone.data_with_P30.TS01_TS02@2e385cce]" started-at="2024-01-19T22:53:55 IST" name="LunchAPP" finished-at="2024-01-19T22:53:59 IST" duration-ms="4363" status="PASS">
          <reporter-output>
          </reporter-output>
        </test-method> <!-- LunchAPP -->
        <test-method signature="TC_006()[pri:0, instance:newone.data_with_P30.TS01_TS02@2e385cce]" started-at="2024-01-19T22:53:59 IST" name="TC_006" finished-at="2024-01-19T22:54:16 IST" duration-ms="16646" status="PASS">
          <reporter-output>
          </reporter-output>
        </test-method> <!-- TC_006 -->
        <test-method is-config="true" signature="AppClose()[pri:0, instance:newone.data_with_P30.TS01_TS02@2e385cce]" started-at="2024-01-19T22:54:16 IST" name="AppClose" finished-at="2024-01-19T22:54:16 IST" duration-ms="324" status="PASS">
          <reporter-output>
          </reporter-output>
        </test-method> <!-- AppClose -->
        <test-method is-config="true" signature="LunchAPP()[pri:0, instance:newone.data_with_P30.TS01_TS02@2e385cce]" started-at="2024-01-19T22:54:16 IST" name="LunchAPP" finished-at="2024-01-19T22:54:20 IST" duration-ms="4367" status="PASS">
          <reporter-output>
          </reporter-output>
        </test-method> <!-- LunchAPP -->
        <test-method signature="test(java.lang.String,java.lang.String)[pri:0, instance:newone.data_with_P30.TS01_TS02@2e385cce]" started-at="2024-01-19T22:54:20 IST" name="test" data-provider="Test Data" finished-at="2024-01-19T22:54:28 IST" duration-ms="7391" status="PASS">
          <params>
            <param index="0">
              <value>
                <![CDATA[locked_out_user]]>
              </value>
            </param>
            <param index="1">
              <value>
                <![CDATA[secret_sauce]]>
              </value>
            </param>
          </params>
          <reporter-output>
          </reporter-output>
        </test-method> <!-- test -->
        <test-method is-config="true" signature="AppClose()[pri:0, instance:newone.data_with_P30.TS01_TS02@2e385cce]" started-at="2024-01-19T22:54:28 IST" name="AppClose" finished-at="2024-01-19T22:54:28 IST" duration-ms="266" status="PASS">
          <reporter-output>
          </reporter-output>
        </test-method> <!-- AppClose -->
        <test-method is-config="true" signature="LunchAPP()[pri:0, instance:newone.data_with_P30.TS01_TS02@2e385cce]" started-at="2024-01-19T22:54:28 IST" name="LunchAPP" finished-at="2024-01-19T22:54:33 IST" duration-ms="4456" status="PASS">
          <reporter-output>
          </reporter-output>
        </test-method> <!-- LunchAPP -->
        <test-method signature="test(java.lang.String,java.lang.String)[pri:0, instance:newone.data_with_P30.TS01_TS02@2e385cce]" started-at="2024-01-19T22:54:33 IST" name="test" data-provider="Test Data" finished-at="2024-01-19T22:54:45 IST" duration-ms="12512" status="PASS">
          <params>
            <param index="0">
              <value>
                <![CDATA[performance_glitch_user]]>
              </value>
            </param>
            <param index="1">
              <value>
                <![CDATA[secret_sauce]]>
              </value>
            </param>
          </params>
          <reporter-output>
          </reporter-output>
        </test-method> <!-- test -->
        <test-method is-config="true" signature="AppClose()[pri:0, instance:newone.data_with_P30.TS01_TS02@2e385cce]" started-at="2024-01-19T22:54:45 IST" name="AppClose" finished-at="2024-01-19T22:54:45 IST" duration-ms="292" status="PASS">
          <reporter-output>
          </reporter-output>
        </test-method> <!-- AppClose -->
        <test-method is-config="true" signature="LunchAPP()[pri:0, instance:newone.data_with_P30.TS01_TS02@2e385cce]" started-at="2024-01-19T22:54:45 IST" name="LunchAPP" finished-at="2024-01-19T22:54:50 IST" duration-ms="4317" status="PASS">
          <reporter-output>
          </reporter-output>
        </test-method> <!-- LunchAPP -->
        <test-method signature="test(java.lang.String,java.lang.String)[pri:0, instance:newone.data_with_P30.TS01_TS02@2e385cce]" started-at="2024-01-19T22:54:50 IST" name="test" data-provider="Test Data" finished-at="2024-01-19T22:54:57 IST" duration-ms="7480" status="PASS">
          <params>
            <param index="0">
              <value>
                <![CDATA[error_user]]>
              </value>
            </param>
            <param index="1">
              <value>
                <![CDATA[secret_sauce]]>
              </value>
            </param>
          </params>
          <reporter-output>
          </reporter-output>
        </test-method> <!-- test -->
        <test-method is-config="true" signature="AppClose()[pri:0, instance:newone.data_with_P30.TS01_TS02@2e385cce]" started-at="2024-01-19T22:54:57 IST" name="AppClose" finished-at="2024-01-19T22:54:57 IST" duration-ms="256" status="PASS">
          <reporter-output>
          </reporter-output>
        </test-method> <!-- AppClose -->
      </class> <!-- newone.data_with_P30.TS01_TS02 -->
    </test> <!-- Default test -->
  </suite> <!-- Default suite -->
</testng-results>
